[35m[Appium][39m Welcome to Appium v1.20.2
[35m[Appium][39m Non-default server args:
[35m[Appium][39m   port: 51711
[35m[Appium][39m   loglevel: info
[35m[Appium][39m   tmpDir: C:\Users\User\AppData\Local\Temp\\Katalon\Appium\Temp1612127055146
[35m[Appium][39m   chromedriverPort: 51712
[35m[Appium][39m Deprecated server args:
[35m[Appium][39m   [31m--chromedriver-port[39m => --default-capabilities
[35m[Appium][39m Default capabilities, which will be added to each request unless overridden by desired capabilities:
[35m[Appium][39m   chromedriverPort: 51712
[35m[Appium][39m Appium REST http interface listener started on 0.0.0.0:51711
[35m[HTTP][39m [37m-->[39m [37mGET[39m [37m/wd/hub/status[39m
[35m[HTTP][39m [90m{}[39m
[35m[HTTP][39m [37m<-- GET /wd/hub/status [39m[32m200[39m [90m6 ms - 68[39m
[35m[HTTP][39m [90m[39m
[35m[HTTP][39m [37m-->[39m [37mGET[39m [37m/wd/hub/status[39m
[35m[HTTP][39m [90m{}[39m
[35m[HTTP][39m [37m<-- GET /wd/hub/status [39m[32m200[39m [90m1 ms - 68[39m
[35m[HTTP][39m [90m[39m
[35m[HTTP][39m [37m-->[39m [37mPOST[39m [37m/wd/hub/session[39m
[35m[HTTP][39m [90m{"desiredCapabilities":{"app":"C:\\Users\\User\\Downloads\\carbon_ng-v6.7.1_signed.apk","noReset":true,"deviceName":"emulator-5554 (Android SDK built for x86 - Android 8.0.0)","fullReset":false,"platform":"ANDROID","newCommandTimeout":1800,"platformVersion":"8.0.0","automationName":"uiautomator2","autoGrantPermissions":true,"platformName":"Android","udid":"emulator-5554","systemPort":51718},"capabilities":{"firstMatch":[{"appium:app":"C:\\Users\\User\\Downloads\\carbon_ng-v6.7.1_signed.apk","appium:autoGrantPermissions":true,"appium:automationName":"uiautomator2","appium:deviceName":"emulator-5554 (Android SDK built for x86 - Android 8.0.0)","appium:fullReset":false,"appium:newCommandTimeout":1800,"appium:noReset":true,"platform":"ANDROID","platformName":"android","appium:platformVersion":"8.0.0","appium:systemPort":51718,"appium:udid":"emulator-5554"}]}}[39m
[35m[BaseDriver][39m The following capabilities are not standard capabilities and should have an extension prefix:
[35m[BaseDriver][39m   platform
[35m[BaseDriver][39m   chromedriverPort
[35m[Appium][39m Appium v1.20.2 creating new AndroidUiautomator2Driver (v1.61.2) session
[35m[BaseDriver][39m The following capabilities were provided, but are not recognized by Appium:
[35m[BaseDriver][39m   platform
[35m[BaseDriver][39m Session created with session id: 1d0977a4-c178-4328-a79f-2afbcf8f6482
[35m[BaseDriver][39m Using local app 'C:\Users\User\Downloads\carbon_ng-v6.7.1_signed.apk'
[35m[ADB][39m Found 1 'build-tools' folders under 'C:\Users\User\.katalon\tools\android_sdk' (newest first):
[35m[ADB][39m     C:/Users/User/.katalon/tools/android_sdk/build-tools/29.0.3
[35m[ADB][39m Using 'adb.exe' from 'C:\Users\User\.katalon\tools\android_sdk\platform-tools\adb.exe'
[35m[AndroidDriver][39m Retrieving device list
[35m[AndroidDriver][39m Using device: emulator-5554
[35m[ADB][39m Using 'adb.exe' from 'C:\Users\User\.katalon\tools\android_sdk\platform-tools\adb.exe'
[35m[ADB][39m Package name: 'com.lenddo.mobile.paylater.staging'
[35m[ADB][39m Main activity name: 'com.lenddo.mobile.paylater.home.activity.SplashScreenActivity'
[35m[ADB][39m Using 'apksigner.jar' from 'C:\Users\User\.katalon\tools\android_sdk\build-tools\29.0.3\lib\apksigner.jar'
[35m[ADB][39m 'C:\Users\User\AppData\Roaming\npm\node_modules\appium\node_modules\appium-uiautomator2-server\apks\appium-uiautomator2-server-v4.17.4.apk' is signed with the default certificate
[35m[ADB][39m 'C:\Users\User\AppData\Roaming\npm\node_modules\appium\node_modules\appium-uiautomator2-server\apks\appium-uiautomator2-server-debug-androidTest.apk' is signed with the default certificate
[35m[UiAutomator2][39m Server packages are not going to be (re)installed
[35m[ADB][39m Adding packages ["io.appium.settings","io.appium.uiautomator2.server","io.appium.uiautomator2.server.test"] to Doze whitelist
[35m[ADB][39m 'C:\Users\User\Downloads\carbon_ng-v6.7.1_signed.apk' is signed with a non-default certificate
[35m[ADB][39m The application at 'C:\Users\User\Downloads\carbon_ng-v6.7.1_signed.apk' will not be cached, because the device under test has confirmed the support of streamed installs
[35m[ADB][39m The installation of 'carbon_ng-v6.7.1_signed.apk' took 24583ms
[35m[UiAutomator2][39m Starting UIAutomator2 server 4.17.4
[35m[UiAutomator2][39m Using UIAutomator2 server from 'C:\Users\User\AppData\Roaming\npm\node_modules\appium\node_modules\appium-uiautomator2-server\apks\appium-uiautomator2-server-v4.17.4.apk' and test from 'C:\Users\User\AppData\Roaming\npm\node_modules\appium\node_modules\appium-uiautomator2-server\apks\appium-uiautomator2-server-debug-androidTest.apk'
[35m[UiAutomator2][39m Waiting up to 30000ms for UiAutomator2 to be online...
[35m[WD Proxy][39m socket hang up
[35m[WD Proxy][39m socket hang up
[35m[WD Proxy][39m socket hang up
[35m[WD Proxy][39m socket hang up
[35m[WD Proxy][39m socket hang up
[35m[WD Proxy][39m Determined the downstream protocol as 'W3C'
[35m[AndroidDriver][39m Screen already unlocked, doing nothing
[35m[UiAutomator2][39m Starting 'com.lenddo.mobile.paylater.staging/com.lenddo.mobile.paylater.home.activity.SplashScreenActivity and waiting for 'com.lenddo.mobile.paylater.staging/com.lenddo.mobile.paylater.home.activity.SplashScreenActivity'
[35m[Appium][39m New AndroidUiautomator2Driver session created successfully, session 1d0977a4-c178-4328-a79f-2afbcf8f6482 added to master session list
[35m[HTTP][39m [37m<-- POST /wd/hub/session [39m[32m200[39m [90m43243 ms - 1336[39m
[35m[HTTP][39m [90m[39m
[35m[HTTP][39m [37m-->[39m [37mGET[39m [37m/wd/hub/session/1d0977a4-c178-4328-a79f-2afbcf8f6482[39m
[35m[HTTP][39m [90m{}[39m
[35m[HTTP][39m [37m<-- GET /wd/hub/session/1d0977a4-c178-4328-a79f-2afbcf8f6482 [39m[32m200[39m [90m35 ms - 1290[39m
[35m[HTTP][39m [90m[39m
[35m[HTTP][39m [37m-->[39m [37mGET[39m [37m/wd/hub/session/1d0977a4-c178-4328-a79f-2afbcf8f6482[39m
[35m[HTTP][39m [90m{}[39m
[35m[HTTP][39m [37m<-- GET /wd/hub/session/1d0977a4-c178-4328-a79f-2afbcf8f6482 [39m[32m200[39m [90m36 ms - 1290[39m
[35m[HTTP][39m [90m[39m
[35m[HTTP][39m [37m-->[39m [37mGET[39m [37m/wd/hub/status[39m
[35m[HTTP][39m [90m{}[39m
[35m[HTTP][39m [37m<-- GET /wd/hub/status [39m[32m200[39m [90m2 ms - 68[39m
[35m[HTTP][39m [90m[39m
[35m[HTTP][39m [37m-->[39m [37mPOST[39m [37m/wd/hub/session/1d0977a4-c178-4328-a79f-2afbcf8f6482/timeouts[39m
[35m[HTTP][39m [90m{"implicit":60000}[39m
[35m[HTTP][39m [37m<-- POST /wd/hub/session/1d0977a4-c178-4328-a79f-2afbcf8f6482/timeouts [39m[32m200[39m [90m9 ms - 14[39m
[35m[HTTP][39m [90m[39m
[35m[HTTP][39m [37m-->[39m [37mGET[39m [37m/wd/hub/session/1d0977a4-c178-4328-a79f-2afbcf8f6482/source[39m
[35m[HTTP][39m [90m{}[39m
[35m[W3C (1d0977a4)][39m Driver proxy active, passing request on via HTTP proxy
[35m[WD Proxy][39m Replacing sessionId 47190463-3ea1-4049-b5e5-37566472c13d with 1d0977a4-c178-4328-a79f-2afbcf8f6482
[35m[HTTP][39m [37m<-- GET /wd/hub/session/1d0977a4-c178-4328-a79f-2afbcf8f6482/source [39m[32m200[39m [90m594 ms - 3442[39m
[35m[HTTP][39m [90m[39m
[35m[HTTP][39m [37m-->[39m [37mGET[39m [37m/wd/hub/session/1d0977a4-c178-4328-a79f-2afbcf8f6482/screenshot[39m
[35m[HTTP][39m [90m{}[39m
[35m[HTTP][39m [37m<-- GET /wd/hub/session/1d0977a4-c178-4328-a79f-2afbcf8f6482/screenshot [39m[32m200[39m [90m2419 ms - 59822[39m
[35m[HTTP][39m [90m[39m
[35m[HTTP][39m [37m-->[39m [37mGET[39m [37m/wd/hub/session/1d0977a4-c178-4328-a79f-2afbcf8f6482/source[39m
[35m[HTTP][39m [90m{}[39m
[35m[W3C (1d0977a4)][39m Driver proxy active, passing request on via HTTP proxy
[35m[WD Proxy][39m Replacing sessionId 47190463-3ea1-4049-b5e5-37566472c13d with 1d0977a4-c178-4328-a79f-2afbcf8f6482
[35m[HTTP][39m [37m<-- GET /wd/hub/session/1d0977a4-c178-4328-a79f-2afbcf8f6482/source [39m[32m200[39m [90m615 ms - 9912[39m
[35m[HTTP][39m [90m[39m
[35m[HTTP][39m [37m-->[39m [37mGET[39m [37m/wd/hub/session/1d0977a4-c178-4328-a79f-2afbcf8f6482/screenshot[39m
[35m[HTTP][39m [90m{}[39m
[35m[HTTP][39m [37m<-- GET /wd/hub/session/1d0977a4-c178-4328-a79f-2afbcf8f6482/screenshot [39m[32m200[39m [90m1780 ms - 287628[39m
[35m[HTTP][39m [90m[39m
[35m[HTTP][39m [37m-->[39m [37mDELETE[39m [37m/wd/hub/session/1d0977a4-c178-4328-a79f-2afbcf8f6482[39m
[35m[HTTP][39m [90m{}[39m
[35m[Appium][39m Removing session 1d0977a4-c178-4328-a79f-2afbcf8f6482 from our master session list
[35m[HTTP][39m [37m<-- DELETE /wd/hub/session/1d0977a4-c178-4328-a79f-2afbcf8f6482 [39m[32m200[39m [90m620 ms - 14[39m
[35m[HTTP][39m [90m[39m
